Array
(
    [0] => 0
    [1] => NotificationX
)
Array
(
    [0] => 0
    [1] => NotificationX
)
Array
(
    [0] => 0
    [1] => Essential Addons Pro
)
Array
(
    [0] => 1
    [1] => NotificationX
)
Array
(
    [0] => 0
    [1] => Essential Addons Pro
)
Array
(
    [0] => 1
    [1] => NotificationX
)
Array
(
    [0] => 0
    [1] => NotificationX
)
Array
(
    [0] => 0
    [1] => Essential Addons Pro
)
Array
(
    [0] => 1
    [1] => WooCommerce
)
Array
(
    [0] => 1
    [1] => WooCommerce
)
Array
(
    [0] => 2
    [1] => Fluent Forms
)
Array
(
    [0] => 3
    [1] => NotificationX
)
Array
(
    [0] => 1
    [1] => WooCommerce
)
Array
(
    [0] => 2
    [1] => Fluent Forms
)
Array
(
    [0] => 3
    [1] => NotificationX
)
Array
(
    [0] => 2
    [1] => Fluent Forms
)
Array
(
    [0] => 3
    [1] => NotificationX
)
Array
(
    [0] => 0
    [1] => Essential Addons Pro
)
Array
(
    [0] => 1
    [1] => NotificationX
)
